
*** Running vivado
    with args -log ZYNQ_CORE_xbar_1.vds -m64 -product Vivado -mode batch -messageDb vivado.pb -notrace -source ZYNQ_CORE_xbar_1.tcl



****** Vivado v2023.1 (64-bit)
  **** SW Build 3865809 on Sun May  7 15:05:29 MDT 2023
  **** IP Build 3864474 on Sun May  7 20:36:21 MDT 2023
  **** SharedData Build 3865790 on Sun May 07 13:33:03 MDT 2023
    ** Copyright 1986-2022 Xilinx, Inc. All Rights Reserved.
    ** Copyright 2022-2023 Advanced Micro Devices, Inc. All Rights Reserved.

source ZYNQ_CORE_xbar_1.tcl -notrace
create_project: Time (s): cpu = 00:00:03 ; elapsed = 00:00:06 . Memory (MB): peak = 1910.941 ; gain = 163.504
INFO: [IP_Flow 19-234] Refreshing IP repositories
INFO: [IP_Flow 19-1700] Loaded user IP repository 'd:/Programs/Workspace/SmartZYNQ_SP2/VDMA_OV5640_HDMI/rgb2dvi'.
INFO: [IP_Flow 19-1700] Loaded user IP repository 'd:/Programs/Workspace/Xilinx_Prj/ZYNQ_CNN/ip_repo/cycle_num_1_0'.
INFO: [IP_Flow 19-1700] Loaded user IP repository 'd:/Programs/Workspace/SmartZYNQ_SP2/VDMA_OV5640_HDMI/ov5640_cap_data'.
INFO: [IP_Flow 19-2313] Loaded Vivado IP repository 'D:/Xilinx/Vivado/2023.1/data/ip'.
INFO: [IP_Flow 19-6924] IPCACHE: Running cache check for IP inst: ZYNQ_CORE_xbar_1
Command: synth_design -top ZYNQ_CORE_xbar_1 -part xc7z020clg484-1 -incremental_mode off -mode out_of_context
Starting synth_design
Attempting to get a license for feature 'Synthesis' and/or device 'xc7z020'
INFO: [Common 17-349] Got license for feature 'Synthesis' and/or device 'xc7z020'
INFO: [Device 21-403] Loading part xc7z020clg484-1
INFO: [Synth 8-7079] Multithreading enabled for synth_design using a maximum of 2 processes.
INFO: [Synth 8-7078] Launching helper process for spawning children vivado processes
INFO: [Synth 8-7075] Helper process launched with PID 19284
---------------------------------------------------------------------------------
Starting RTL Elaboration : Time (s): cpu = 00:00:04 ; elapsed = 00:00:06 . Memory (MB): peak = 2772.270 ; gain = 409.973
---------------------------------------------------------------------------------
INFO: [Synth 8-6157] synthesizing module 'ZYNQ_CORE_xbar_1' [d:/Programs/Workspace/Xilinx_Prj/PL_CNN/PL_CNN.gen/sources_1/bd/ZYNQ_CORE/ip/ZYNQ_CORE_xbar_1/synth/ZYNQ_CORE_xbar_1.v:53]
INFO: [Synth 8-6157] synthesizing module 'axi_crossbar_v2_1_29_axi_crossbar' [d:/Programs/Workspace/Xilinx_Prj/PL_CNN/PL_CNN.gen/sources_1/bd/ZYNQ_CORE/ipshared/f8f3/hdl/axi_crossbar_v2_1_vl_rfs.v:4883]
INFO: [Synth 8-6157] synthesizing module 'axi_crossbar_v2_1_29_crossbar_sasd' [d:/Programs/Workspace/Xilinx_Prj/PL_CNN/PL_CNN.gen/sources_1/bd/ZYNQ_CORE/ipshared/f8f3/hdl/axi_crossbar_v2_1_vl_rfs.v:1239]
INFO: [Synth 8-6157] synthesizing module 'axi_crossbar_v2_1_29_addr_decoder' [d:/Programs/Workspace/Xilinx_Prj/PL_CNN/PL_CNN.gen/sources_1/bd/ZYNQ_CORE/ipshared/f8f3/hdl/axi_crossbar_v2_1_vl_rfs.v:793]
INFO: [Synth 8-6157] synthesizing module 'generic_baseblocks_v2_1_0_comparator_static' [d:/Programs/Workspace/Xilinx_Prj/PL_CNN/PL_CNN.gen/sources_1/bd/ZYNQ_CORE/ipshared/b752/hdl/generic_baseblocks_v2_1_vl_rfs.v:2132]
INFO: [Synth 8-6157] synthesizing module 'generic_baseblocks_v2_1_0_carry_and' [d:/Programs/Workspace/Xilinx_Prj/PL_CNN/PL_CNN.gen/sources_1/bd/ZYNQ_CORE/ipshared/b752/hdl/generic_baseblocks_v2_1_vl_rfs.v:61]
INFO: [Synth 8-6155] done synthesizing module 'generic_baseblocks_v2_1_0_carry_and' (0#1) [d:/Programs/Workspace/Xilinx_Prj/PL_CNN/PL_CNN.gen/sources_1/bd/ZYNQ_CORE/ipshared/b752/hdl/generic_baseblocks_v2_1_vl_rfs.v:61]
INFO: [Synth 8-6155] done synthesizing module 'generic_baseblocks_v2_1_0_comparator_static' (0#1) [d:/Programs/Workspace/Xilinx_Prj/PL_CNN/PL_CNN.gen/sources_1/bd/ZYNQ_CORE/ipshared/b752/hdl/generic_baseblocks_v2_1_vl_rfs.v:2132]
INFO: [Synth 8-6157] synthesizing module 'generic_baseblocks_v2_1_0_comparator_static__parameterized0' [d:/Programs/Workspace/Xilinx_Prj/PL_CNN/PL_CNN.gen/sources_1/bd/ZYNQ_CORE/ipshared/b752/hdl/generic_baseblocks_v2_1_vl_rfs.v:2132]
INFO: [Synth 8-6155] done synthesizing module 'generic_baseblocks_v2_1_0_comparator_static__parameterized0' (0#1) [d:/Programs/Workspace/Xilinx_Prj/PL_CNN/PL_CNN.gen/sources_1/bd/ZYNQ_CORE/ipshared/b752/hdl/generic_baseblocks_v2_1_vl_rfs.v:2132]
INFO: [Synth 8-6157] synthesizing module 'generic_baseblocks_v2_1_0_comparator_static__parameterized1' [d:/Programs/Workspace/Xilinx_Prj/PL_CNN/PL_CNN.gen/sources_1/bd/ZYNQ_CORE/ipshared/b752/hdl/generic_baseblocks_v2_1_vl_rfs.v:2132]
INFO: [Synth 8-6155] done synthesizing module 'generic_baseblocks_v2_1_0_comparator_static__parameterized1' (0#1) [d:/Programs/Workspace/Xilinx_Prj/PL_CNN/PL_CNN.gen/sources_1/bd/ZYNQ_CORE/ipshared/b752/hdl/generic_baseblocks_v2_1_vl_rfs.v:2132]
INFO: [Synth 8-6157] synthesizing module 'generic_baseblocks_v2_1_0_comparator_static__parameterized2' [d:/Programs/Workspace/Xilinx_Prj/PL_CNN/PL_CNN.gen/sources_1/bd/ZYNQ_CORE/ipshared/b752/hdl/generic_baseblocks_v2_1_vl_rfs.v:2132]
INFO: [Synth 8-6155] done synthesizing module 'generic_baseblocks_v2_1_0_comparator_static__parameterized2' (0#1) [d:/Programs/Workspace/Xilinx_Prj/PL_CNN/PL_CNN.gen/sources_1/bd/ZYNQ_CORE/ipshared/b752/hdl/generic_baseblocks_v2_1_vl_rfs.v:2132]
INFO: [Synth 8-6155] done synthesizing module 'axi_crossbar_v2_1_29_addr_decoder' (0#1) [d:/Programs/Workspace/Xilinx_Prj/PL_CNN/PL_CNN.gen/sources_1/bd/ZYNQ_CORE/ipshared/f8f3/hdl/axi_crossbar_v2_1_vl_rfs.v:793]
INFO: [Synth 8-6157] synthesizing module 'axi_crossbar_v2_1_29_decerr_slave' [d:/Programs/Workspace/Xilinx_Prj/PL_CNN/PL_CNN.gen/sources_1/bd/ZYNQ_CORE/ipshared/f8f3/hdl/axi_crossbar_v2_1_vl_rfs.v:3500]
INFO: [Synth 8-155] case statement is not full and has no default [d:/Programs/Workspace/Xilinx_Prj/PL_CNN/PL_CNN.gen/sources_1/bd/ZYNQ_CORE/ipshared/f8f3/hdl/axi_crossbar_v2_1_vl_rfs.v:3633]
INFO: [Synth 8-6155] done synthesizing module 'axi_crossbar_v2_1_29_decerr_slave' (0#1) [d:/Programs/Workspace/Xilinx_Prj/PL_CNN/PL_CNN.gen/sources_1/bd/ZYNQ_CORE/ipshared/f8f3/hdl/axi_crossbar_v2_1_vl_rfs.v:3500]
INFO: [Synth 8-6157] synthesizing module 'axi_crossbar_v2_1_29_addr_arbiter_sasd' [d:/Programs/Workspace/Xilinx_Prj/PL_CNN/PL_CNN.gen/sources_1/bd/ZYNQ_CORE/ipshared/f8f3/hdl/axi_crossbar_v2_1_vl_rfs.v:64]
INFO: [Synth 8-6155] done synthesizing module 'axi_crossbar_v2_1_29_addr_arbiter_sasd' (0#1) [d:/Programs/Workspace/Xilinx_Prj/PL_CNN/PL_CNN.gen/sources_1/bd/ZYNQ_CORE/ipshared/f8f3/hdl/axi_crossbar_v2_1_vl_rfs.v:64]
INFO: [Synth 8-6157] synthesizing module 'axi_crossbar_v2_1_29_splitter' [d:/Programs/Workspace/Xilinx_Prj/PL_CNN/PL_CNN.gen/sources_1/bd/ZYNQ_CORE/ipshared/f8f3/hdl/axi_crossbar_v2_1_vl_rfs.v:4460]
INFO: [Synth 8-6155] done synthesizing module 'axi_crossbar_v2_1_29_splitter' (0#1) [d:/Programs/Workspace/Xilinx_Prj/PL_CNN/PL_CNN.gen/sources_1/bd/ZYNQ_CORE/ipshared/f8f3/hdl/axi_crossbar_v2_1_vl_rfs.v:4460]
INFO: [Synth 8-6157] synthesizing module 'axi_crossbar_v2_1_29_splitter__parameterized0' [d:/Programs/Workspace/Xilinx_Prj/PL_CNN/PL_CNN.gen/sources_1/bd/ZYNQ_CORE/ipshared/f8f3/hdl/axi_crossbar_v2_1_vl_rfs.v:4460]
INFO: [Synth 8-6155] done synthesizing module 'axi_crossbar_v2_1_29_splitter__parameterized0' (0#1) [d:/Programs/Workspace/Xilinx_Prj/PL_CNN/PL_CNN.gen/sources_1/bd/ZYNQ_CORE/ipshared/f8f3/hdl/axi_crossbar_v2_1_vl_rfs.v:4460]
INFO: [Synth 8-6157] synthesizing module 'generic_baseblocks_v2_1_0_mux_enc' [d:/Programs/Workspace/Xilinx_Prj/PL_CNN/PL_CNN.gen/sources_1/bd/ZYNQ_CORE/ipshared/b752/hdl/generic_baseblocks_v2_1_vl_rfs.v:2451]
INFO: [Synth 8-6155] done synthesizing module 'generic_baseblocks_v2_1_0_mux_enc' (0#1) [d:/Programs/Workspace/Xilinx_Prj/PL_CNN/PL_CNN.gen/sources_1/bd/ZYNQ_CORE/ipshared/b752/hdl/generic_baseblocks_v2_1_vl_rfs.v:2451]
INFO: [Synth 8-6157] synthesizing module 'generic_baseblocks_v2_1_0_mux_enc__parameterized0' [d:/Programs/Workspace/Xilinx_Prj/PL_CNN/PL_CNN.gen/sources_1/bd/ZYNQ_CORE/ipshared/b752/hdl/generic_baseblocks_v2_1_vl_rfs.v:2451]
INFO: [Synth 8-6155] done synthesizing module 'generic_baseblocks_v2_1_0_mux_enc__parameterized0' (0#1) [d:/Programs/Workspace/Xilinx_Prj/PL_CNN/PL_CNN.gen/sources_1/bd/ZYNQ_CORE/ipshared/b752/hdl/generic_baseblocks_v2_1_vl_rfs.v:2451]
INFO: [Synth 8-6157] synthesizing module 'generic_baseblocks_v2_1_0_mux_enc__parameterized1' [d:/Programs/Workspace/Xilinx_Prj/PL_CNN/PL_CNN.gen/sources_1/bd/ZYNQ_CORE/ipshared/b752/hdl/generic_baseblocks_v2_1_vl_rfs.v:2451]
INFO: [Synth 8-6155] done synthesizing module 'generic_baseblocks_v2_1_0_mux_enc__parameterized1' (0#1) [d:/Programs/Workspace/Xilinx_Prj/PL_CNN/PL_CNN.gen/sources_1/bd/ZYNQ_CORE/ipshared/b752/hdl/generic_baseblocks_v2_1_vl_rfs.v:2451]
INFO: [Synth 8-6157] synthesizing module 'axi_register_slice_v2_1_28_axic_register_slice' [d:/Programs/Workspace/Xilinx_Prj/PL_CNN/PL_CNN.gen/sources_1/bd/ZYNQ_CORE/ipshared/87d1/hdl/axi_register_slice_v2_1_vl_rfs.v:1497]
INFO: [Synth 8-6155] done synthesizing module 'axi_register_slice_v2_1_28_axic_register_slice' (0#1) [d:/Programs/Workspace/Xilinx_Prj/PL_CNN/PL_CNN.gen/sources_1/bd/ZYNQ_CORE/ipshared/87d1/hdl/axi_register_slice_v2_1_vl_rfs.v:1497]
INFO: [Synth 8-6157] synthesizing module 'generic_baseblocks_v2_1_0_mux_enc__parameterized2' [d:/Programs/Workspace/Xilinx_Prj/PL_CNN/PL_CNN.gen/sources_1/bd/ZYNQ_CORE/ipshared/b752/hdl/generic_baseblocks_v2_1_vl_rfs.v:2451]
INFO: [Synth 8-6155] done synthesizing module 'generic_baseblocks_v2_1_0_mux_enc__parameterized2' (0#1) [d:/Programs/Workspace/Xilinx_Prj/PL_CNN/PL_CNN.gen/sources_1/bd/ZYNQ_CORE/ipshared/b752/hdl/generic_baseblocks_v2_1_vl_rfs.v:2451]
INFO: [Synth 8-6155] done synthesizing module 'axi_crossbar_v2_1_29_crossbar_sasd' (0#1) [d:/Programs/Workspace/Xilinx_Prj/PL_CNN/PL_CNN.gen/sources_1/bd/ZYNQ_CORE/ipshared/f8f3/hdl/axi_crossbar_v2_1_vl_rfs.v:1239]
INFO: [Synth 8-6155] done synthesizing module 'axi_crossbar_v2_1_29_axi_crossbar' (0#1) [d:/Programs/Workspace/Xilinx_Prj/PL_CNN/PL_CNN.gen/sources_1/bd/ZYNQ_CORE/ipshared/f8f3/hdl/axi_crossbar_v2_1_vl_rfs.v:4883]
INFO: [Synth 8-6155] done synthesizing module 'ZYNQ_CORE_xbar_1' (0#1) [d:/Programs/Workspace/Xilinx_Prj/PL_CNN/PL_CNN.gen/sources_1/bd/ZYNQ_CORE/ip/ZYNQ_CORE_xbar_1/synth/ZYNQ_CORE_xbar_1.v:53]
WARNING: [Synth 8-6014] Unused sequential element gen_debug_trans_seq.debug_aw_trans_seq_i_reg was removed.  [d:/Programs/Workspace/Xilinx_Prj/PL_CNN/PL_CNN.gen/sources_1/bd/ZYNQ_CORE/ipshared/f8f3/hdl/axi_crossbar_v2_1_vl_rfs.v:2056]
WARNING: [Synth 8-6014] Unused sequential element gen_debug_trans_seq.debug_ar_trans_seq_i_reg was removed.  [d:/Programs/Workspace/Xilinx_Prj/PL_CNN/PL_CNN.gen/sources_1/bd/ZYNQ_CORE/ipshared/f8f3/hdl/axi_crossbar_v2_1_vl_rfs.v:2067]
WARNING: [Synth 8-6014] Unused sequential element gen_debug_trans_seq.debug_w_beat_cnt_i_reg was removed.  [d:/Programs/Workspace/Xilinx_Prj/PL_CNN/PL_CNN.gen/sources_1/bd/ZYNQ_CORE/ipshared/f8f3/hdl/axi_crossbar_v2_1_vl_rfs.v:2078]
WARNING: [Synth 8-6014] Unused sequential element gen_debug_trans_seq.debug_r_beat_cnt_i_reg was removed.  [d:/Programs/Workspace/Xilinx_Prj/PL_CNN/PL_CNN.gen/sources_1/bd/ZYNQ_CORE/ipshared/f8f3/hdl/axi_crossbar_v2_1_vl_rfs.v:2091]
WARNING: [Synth 8-7129] Port S[0] in module generic_baseblocks_v2_1_0_mux_enc__parameterized0 is either unconnected or has no load
WARNING: [Synth 8-7129] Port ADDR[1] in module axi_crossbar_v2_1_29_addr_decoder is either unconnected or has no load
WARNING: [Synth 8-7129] Port ADDR[0] in module axi_crossbar_v2_1_29_addr_decoder is either unconnected or has no load
WARNING: [Synth 8-7129] Port M_AXI_BID[47] in module axi_crossbar_v2_1_29_crossbar_sasd is either unconnected or has no load
WARNING: [Synth 8-7129] Port M_AXI_BID[46] in module axi_crossbar_v2_1_29_crossbar_sasd is either unconnected or has no load
WARNING: [Synth 8-7129] Port M_AXI_BID[45] in module axi_crossbar_v2_1_29_crossbar_sasd is either unconnected or has no load
WARNING: [Synth 8-7129] Port M_AXI_BID[44] in module axi_crossbar_v2_1_29_crossbar_sasd is either unconnected or has no load
WARNING: [Synth 8-7129] Port M_AXI_BID[43] in module axi_crossbar_v2_1_29_crossbar_sasd is either unconnected or has no load
WARNING: [Synth 8-7129] Port M_AXI_BID[42] in module axi_crossbar_v2_1_29_crossbar_sasd is either unconnected or has no load
WARNING: [Synth 8-7129] Port M_AXI_BID[41] in module axi_crossbar_v2_1_29_crossbar_sasd is either unconnected or has no load
WARNING: [Synth 8-7129] Port M_AXI_BID[40] in module axi_crossbar_v2_1_29_crossbar_sasd is either unconnected or has no load
WARNING: [Synth 8-7129] Port M_AXI_BID[39] in module axi_crossbar_v2_1_29_crossbar_sasd is either unconnected or has no load
WARNING: [Synth 8-7129] Port M_AXI_BID[38] in module axi_crossbar_v2_1_29_crossbar_sasd is either unconnected or has no load
WARNING: [Synth 8-7129] Port M_AXI_BID[37] in module axi_crossbar_v2_1_29_crossbar_sasd is either unconnected or has no load
WARNING: [Synth 8-7129] Port M_AXI_BID[36] in module axi_crossbar_v2_1_29_crossbar_sasd is either unconnected or has no load
WARNING: [Synth 8-7129] Port M_AXI_BID[35] in module axi_crossbar_v2_1_29_crossbar_sasd is either unconnected or has no load
WARNING: [Synth 8-7129] Port M_AXI_BID[34] in module axi_crossbar_v2_1_29_crossbar_sasd is either unconnected or has no load
WARNING: [Synth 8-7129] Port M_AXI_BID[33] in module axi_crossbar_v2_1_29_crossbar_sasd is either unconnected or has no load
WARNING: [Synth 8-7129] Port M_AXI_BID[32] in module axi_crossbar_v2_1_29_crossbar_sasd is either unconnected or has no load
WARNING: [Synth 8-7129] Port M_AXI_BID[31] in module axi_crossbar_v2_1_29_crossbar_sasd is either unconnected or has no load
WARNING: [Synth 8-7129] Port M_AXI_BID[30] in module axi_crossbar_v2_1_29_crossbar_sasd is either unconnected or has no load
WARNING: [Synth 8-7129] Port M_AXI_BID[29] in module axi_crossbar_v2_1_29_crossbar_sasd is either unconnected or has no load
WARNING: [Synth 8-7129] Port M_AXI_BID[28] in module axi_crossbar_v2_1_29_crossbar_sasd is either unconnected or has no load
WARNING: [Synth 8-7129] Port M_AXI_BID[27] in module axi_crossbar_v2_1_29_crossbar_sasd is either unconnected or has no load
WARNING: [Synth 8-7129] Port M_AXI_BID[26] in module axi_crossbar_v2_1_29_crossbar_sasd is either unconnected or has no load
WARNING: [Synth 8-7129] Port M_AXI_BID[25] in module axi_crossbar_v2_1_29_crossbar_sasd is either unconnected or has no load
WARNING: [Synth 8-7129] Port M_AXI_BID[24] in module axi_crossbar_v2_1_29_crossbar_sasd is either unconnected or has no load
WARNING: [Synth 8-7129] Port M_AXI_BID[23] in module axi_crossbar_v2_1_29_crossbar_sasd is either unconnected or has no load
WARNING: [Synth 8-7129] Port M_AXI_BID[22] in module axi_crossbar_v2_1_29_crossbar_sasd is either unconnected or has no load
WARNING: [Synth 8-7129] Port M_AXI_BID[21] in module axi_crossbar_v2_1_29_crossbar_sasd is either unconnected or has no load
WARNING: [Synth 8-7129] Port M_AXI_BID[20] in module axi_crossbar_v2_1_29_crossbar_sasd is either unconnected or has no load
WARNING: [Synth 8-7129] Port M_AXI_BID[19] in module axi_crossbar_v2_1_29_crossbar_sasd is either unconnected or has no load
WARNING: [Synth 8-7129] Port M_AXI_BID[18] in module axi_crossbar_v2_1_29_crossbar_sasd is either unconnected or has no load
WARNING: [Synth 8-7129] Port M_AXI_BID[17] in module axi_crossbar_v2_1_29_crossbar_sasd is either unconnected or has no load
WARNING: [Synth 8-7129] Port M_AXI_BID[16] in module axi_crossbar_v2_1_29_crossbar_sasd is either unconnected or has no load
WARNING: [Synth 8-7129] Port M_AXI_BID[15] in module axi_crossbar_v2_1_29_crossbar_sasd is either unconnected or has no load
WARNING: [Synth 8-7129] Port M_AXI_BID[14] in module axi_crossbar_v2_1_29_crossbar_sasd is either unconnected or has no load
WARNING: [Synth 8-7129] Port M_AXI_BID[13] in module axi_crossbar_v2_1_29_crossbar_sasd is either unconnected or has no load
WARNING: [Synth 8-7129] Port M_AXI_BID[12] in module axi_crossbar_v2_1_29_crossbar_sasd is either unconnected or has no load
WARNING: [Synth 8-7129] Port M_AXI_BID[11] in module axi_crossbar_v2_1_29_crossbar_sasd is either unconnected or has no load
WARNING: [Synth 8-7129] Port M_AXI_BID[10] in module axi_crossbar_v2_1_29_crossbar_sasd is either unconnected or has no load
WARNING: [Synth 8-7129] Port M_AXI_BID[9] in module axi_crossbar_v2_1_29_crossbar_sasd is either unconnected or has no load
WARNING: [Synth 8-7129] Port M_AXI_BID[8] in module axi_crossbar_v2_1_29_crossbar_sasd is either unconnected or has no load
WARNING: [Synth 8-7129] Port M_AXI_BID[7] in module axi_crossbar_v2_1_29_crossbar_sasd is either unconnected or has no load
WARNING: [Synth 8-7129] Port M_AXI_BID[6] in module axi_crossbar_v2_1_29_crossbar_sasd is either unconnected or has no load
WARNING: [Synth 8-7129] Port M_AXI_BID[5] in module axi_crossbar_v2_1_29_crossbar_sasd is either unconnected or has no load
WARNING: [Synth 8-7129] Port M_AXI_BID[4] in module axi_crossbar_v2_1_29_crossbar_sasd is either unconnected or has no load
WARNING: [Synth 8-7129] Port M_AXI_BID[3] in module axi_crossbar_v2_1_29_crossbar_sasd is either unconnected or has no load
WARNING: [Synth 8-7129] Port M_AXI_BID[2] in module axi_crossbar_v2_1_29_crossbar_sasd is either unconnected or has no load
WARNING: [Synth 8-7129] Port M_AXI_BID[1] in module axi_crossbar_v2_1_29_crossbar_sasd is either unconnected or has no load
WARNING: [Synth 8-7129] Port M_AXI_BID[0] in module axi_crossbar_v2_1_29_crossbar_sasd is either unconnected or has no load
WARNING: [Synth 8-7129] Port M_AXI_RID[47] in module axi_crossbar_v2_1_29_crossbar_sasd is either unconnected or has no load
WARNING: [Synth 8-7129] Port M_AXI_RID[46] in module axi_crossbar_v2_1_29_crossbar_sasd is either unconnected or has no load
WARNING: [Synth 8-7129] Port M_AXI_RID[45] in module axi_crossbar_v2_1_29_crossbar_sasd is either unconnected or has no load
WARNING: [Synth 8-7129] Port M_AXI_RID[44] in module axi_crossbar_v2_1_29_crossbar_sasd is either unconnected or has no load
WARNING: [Synth 8-7129] Port M_AXI_RID[43] in module axi_crossbar_v2_1_29_crossbar_sasd is either unconnected or has no load
WARNING: [Synth 8-7129] Port M_AXI_RID[42] in module axi_crossbar_v2_1_29_crossbar_sasd is either unconnected or has no load
WARNING: [Synth 8-7129] Port M_AXI_RID[41] in module axi_crossbar_v2_1_29_crossbar_sasd is either unconnected or has no load
WARNING: [Synth 8-7129] Port M_AXI_RID[40] in module axi_crossbar_v2_1_29_crossbar_sasd is either unconnected or has no load
WARNING: [Synth 8-7129] Port M_AXI_RID[39] in module axi_crossbar_v2_1_29_crossbar_sasd is either unconnected or has no load
WARNING: [Synth 8-7129] Port M_AXI_RID[38] in module axi_crossbar_v2_1_29_crossbar_sasd is either unconnected or has no load
WARNING: [Synth 8-7129] Port M_AXI_RID[37] in module axi_crossbar_v2_1_29_crossbar_sasd is either unconnected or has no load
WARNING: [Synth 8-7129] Port M_AXI_RID[36] in module axi_crossbar_v2_1_29_crossbar_sasd is either unconnected or has no load
WARNING: [Synth 8-7129] Port M_AXI_RID[35] in module axi_crossbar_v2_1_29_crossbar_sasd is either unconnected or has no load
WARNING: [Synth 8-7129] Port M_AXI_RID[34] in module axi_crossbar_v2_1_29_crossbar_sasd is either unconnected or has no load
WARNING: [Synth 8-7129] Port M_AXI_RID[33] in module axi_crossbar_v2_1_29_crossbar_sasd is either unconnected or has no load
WARNING: [Synth 8-7129] Port M_AXI_RID[32] in module axi_crossbar_v2_1_29_crossbar_sasd is either unconnected or has no load
WARNING: [Synth 8-7129] Port M_AXI_RID[31] in module axi_crossbar_v2_1_29_crossbar_sasd is either unconnected or has no load
WARNING: [Synth 8-7129] Port M_AXI_RID[30] in module axi_crossbar_v2_1_29_crossbar_sasd is either unconnected or has no load
WARNING: [Synth 8-7129] Port M_AXI_RID[29] in module axi_crossbar_v2_1_29_crossbar_sasd is either unconnected or has no load
WARNING: [Synth 8-7129] Port M_AXI_RID[28] in module axi_crossbar_v2_1_29_crossbar_sasd is either unconnected or has no load
WARNING: [Synth 8-7129] Port M_AXI_RID[27] in module axi_crossbar_v2_1_29_crossbar_sasd is either unconnected or has no load
WARNING: [Synth 8-7129] Port M_AXI_RID[26] in module axi_crossbar_v2_1_29_crossbar_sasd is either unconnected or has no load
WARNING: [Synth 8-7129] Port M_AXI_RID[25] in module axi_crossbar_v2_1_29_crossbar_sasd is either unconnected or has no load
WARNING: [Synth 8-7129] Port M_AXI_RID[24] in module axi_crossbar_v2_1_29_crossbar_sasd is either unconnected or has no load
WARNING: [Synth 8-7129] Port M_AXI_RID[23] in module axi_crossbar_v2_1_29_crossbar_sasd is either unconnected or has no load
WARNING: [Synth 8-7129] Port M_AXI_RID[22] in module axi_crossbar_v2_1_29_crossbar_sasd is either unconnected or has no load
WARNING: [Synth 8-7129] Port M_AXI_RID[21] in module axi_crossbar_v2_1_29_crossbar_sasd is either unconnected or has no load
WARNING: [Synth 8-7129] Port M_AXI_RID[20] in module axi_crossbar_v2_1_29_crossbar_sasd is either unconnected or has no load
WARNING: [Synth 8-7129] Port M_AXI_RID[19] in module axi_crossbar_v2_1_29_crossbar_sasd is either unconnected or has no load
WARNING: [Synth 8-7129] Port M_AXI_RID[18] in module axi_crossbar_v2_1_29_crossbar_sasd is either unconnected or has no load
WARNING: [Synth 8-7129] Port M_AXI_RID[17] in module axi_crossbar_v2_1_29_crossbar_sasd is either unconnected or has no load
WARNING: [Synth 8-7129] Port M_AXI_RID[16] in module axi_crossbar_v2_1_29_crossbar_sasd is either unconnected or has no load
WARNING: [Synth 8-7129] Port M_AXI_RID[15] in module axi_crossbar_v2_1_29_crossbar_sasd is either unconnected or has no load
WARNING: [Synth 8-7129] Port M_AXI_RID[14] in module axi_crossbar_v2_1_29_crossbar_sasd is either unconnected or has no load
WARNING: [Synth 8-7129] Port M_AXI_RID[13] in module axi_crossbar_v2_1_29_crossbar_sasd is either unconnected or has no load
WARNING: [Synth 8-7129] Port M_AXI_RID[12] in module axi_crossbar_v2_1_29_crossbar_sasd is either unconnected or has no load
WARNING: [Synth 8-7129] Port M_AXI_RID[11] in module axi_crossbar_v2_1_29_crossbar_sasd is either unconnected or has no load
WARNING: [Synth 8-7129] Port M_AXI_RID[10] in module axi_crossbar_v2_1_29_crossbar_sasd is either unconnected or has no load
WARNING: [Synth 8-7129] Port M_AXI_RID[9] in module axi_crossbar_v2_1_29_crossbar_sasd is either unconnected or has no load
WARNING: [Synth 8-7129] Port M_AXI_RID[8] in module axi_crossbar_v2_1_29_crossbar_sasd is either unconnected or has no load
WARNING: [Synth 8-7129] Port M_AXI_RID[7] in module axi_crossbar_v2_1_29_crossbar_sasd is either unconnected or has no load
WARNING: [Synth 8-7129] Port M_AXI_RID[6] in module axi_crossbar_v2_1_29_crossbar_sasd is either unconnected or has no load
WARNING: [Synth 8-7129] Port M_AXI_RID[5] in module axi_crossbar_v2_1_29_crossbar_sasd is either unconnected or has no load
WARNING: [Synth 8-7129] Port M_AXI_RID[4] in module axi_crossbar_v2_1_29_crossbar_sasd is either unconnected or has no load
WARNING: [Synth 8-7129] Port M_AXI_RID[3] in module axi_crossbar_v2_1_29_crossbar_sasd is either unconnected or has no load
WARNING: [Synth 8-7129] Port M_AXI_RID[2] in module axi_crossbar_v2_1_29_crossbar_sasd is either unconnected or has no load
WARNING: [Synth 8-7129] Port M_AXI_RID[1] in module axi_crossbar_v2_1_29_crossbar_sasd is either unconnected or has no load
WARNING: [Synth 8-7129] Port M_AXI_RID[0] in module axi_crossbar_v2_1_29_crossbar_sasd is either unconnected or has no load
WARNING: [Synth 8-7129] Port s_axi_awuser[0] in module axi_crossbar_v2_1_29_axi_crossbar is either unconnected or has no load
INFO: [Common 17-14] Message 'Synth 8-7129' appears 100 times and further instances of the messages will be disabled. Use the Tcl command set_msg_config to change the current settings.
---------------------------------------------------------------------------------
Finished RTL Elaboration : Time (s): cpu = 00:00:07 ; elapsed = 00:00:11 . Memory (MB): peak = 3001.164 ; gain = 638.867
---------------------------------------------------------------------------------
---------------------------------------------------------------------------------
Start Handling Custom Attributes
---------------------------------------------------------------------------------
---------------------------------------------------------------------------------
Finished Handling Custom Attributes : Time (s): cpu = 00:00:07 ; elapsed = 00:00:11 . Memory (MB): peak = 3019.059 ; gain = 656.762
---------------------------------------------------------------------------------
---------------------------------------------------------------------------------
Finished RTL Optimization Phase 1 : Time (s): cpu = 00:00:07 ; elapsed = 00:00:11 . Memory (MB): peak = 3019.059 ; gain = 656.762
---------------------------------------------------------------------------------
Netlist sorting complete. Time (s): cpu = 00:00:00 ; elapsed = 00:00:00.020 . Memory (MB): peak = 3019.059 ; gain = 0.000
INFO: [Project 1-570] Preparing netlist for logic optimization

Processing XDC Constraints
Initializing timing engine
Parsing XDC File [d:/Programs/Workspace/Xilinx_Prj/PL_CNN/PL_CNN.gen/sources_1/bd/ZYNQ_CORE/ip/ZYNQ_CORE_xbar_1/ZYNQ_CORE_xbar_1_ooc.xdc] for cell 'inst'
Finished Parsing XDC File [d:/Programs/Workspace/Xilinx_Prj/PL_CNN/PL_CNN.gen/sources_1/bd/ZYNQ_CORE/ip/ZYNQ_CORE_xbar_1/ZYNQ_CORE_xbar_1_ooc.xdc] for cell 'inst'
Parsing XDC File [D:/Programs/Workspace/Xilinx_Prj/PL_CNN/PL_CNN.runs/ZYNQ_CORE_xbar_1_synth_1/dont_touch.xdc]
Finished Parsing XDC File [D:/Programs/Workspace/Xilinx_Prj/PL_CNN/PL_CNN.runs/ZYNQ_CORE_xbar_1_synth_1/dont_touch.xdc]
Completed Processing XDC Constraints

Netlist sorting complete. Time (s): cpu = 00:00:00 ; elapsed = 00:00:00 . Memory (MB): peak = 3131.836 ; gain = 0.000
INFO: [Project 1-111] Unisim Transformation Summary:
No Unisim elements were transformed.

Constraint Validation Runtime : Time (s): cpu = 00:00:00 ; elapsed = 00:00:00.031 . Memory (MB): peak = 3131.836 ; gain = 0.000
INFO: [Designutils 20-5008] Incremental synthesis strategy off
---------------------------------------------------------------------------------
Finished Constraint Validation : Time (s): cpu = 00:00:11 ; elapsed = 00:00:16 . Memory (MB): peak = 3131.836 ; gain = 769.539
---------------------------------------------------------------------------------
---------------------------------------------------------------------------------
Start Loading Part and Timing Information
---------------------------------------------------------------------------------
Loading part: xc7z020clg484-1
---------------------------------------------------------------------------------
Finished Loading Part and Timing Information : Time (s): cpu = 00:00:11 ; elapsed = 00:00:16 . Memory (MB): peak = 3131.836 ; gain = 769.539
---------------------------------------------------------------------------------
---------------------------------------------------------------------------------
Start Applying 'set_property' XDC Constraints
---------------------------------------------------------------------------------
Applied set_property KEEP_HIERARCHY = SOFT for inst. (constraint file  D:/Programs/Workspace/Xilinx_Prj/PL_CNN/PL_CNN.runs/ZYNQ_CORE_xbar_1_synth_1/dont_touch.xdc, line 9).
---------------------------------------------------------------------------------
Finished applying 'set_property' XDC Constraints : Time (s): cpu = 00:00:11 ; elapsed = 00:00:16 . Memory (MB): peak = 3131.836 ; gain = 769.539
---------------------------------------------------------------------------------
INFO: [Synth 8-802] inferred FSM for state register 'gen_axi.write_cs_reg' in module 'axi_crossbar_v2_1_29_decerr_slave'
---------------------------------------------------------------------------------------------------
                   State |                     New Encoding |                Previous Encoding 
---------------------------------------------------------------------------------------------------
            P_WRITE_IDLE |                              001 |                               00
            P_WRITE_DATA |                              010 |                               01
            P_WRITE_RESP |                              100 |                               10
---------------------------------------------------------------------------------------------------
INFO: [Synth 8-3354] encoded FSM with state register 'gen_axi.write_cs_reg' using encoding 'one-hot' in module 'axi_crossbar_v2_1_29_decerr_slave'
---------------------------------------------------------------------------------
Finished RTL Optimization Phase 2 : Time (s): cpu = 00:00:11 ; elapsed = 00:00:16 . Memory (MB): peak = 3131.836 ; gain = 769.539
---------------------------------------------------------------------------------
---------------------------------------------------------------------------------
Start RTL Component Statistics 
---------------------------------------------------------------------------------
Detailed RTL Component Info : 
+---Adders : 
	   2 Input    8 Bit       Adders := 1     
+---Registers : 
	               75 Bit    Registers := 1     
	               36 Bit    Registers := 2     
	                8 Bit    Registers := 1     
	                5 Bit    Registers := 1     
	                3 Bit    Registers := 2     
	                2 Bit    Registers := 2     
	                1 Bit    Registers := 18    
+---Muxes : 
	   2 Input   75 Bit        Muxes := 1     
	   2 Input   36 Bit        Muxes := 2     
	   2 Input    8 Bit        Muxes := 1     
	   2 Input    5 Bit        Muxes := 1     
	   2 Input    4 Bit        Muxes := 1     
	   2 Input    3 Bit        Muxes := 1     
	   2 Input    2 Bit        Muxes := 1     
	   3 Input    1 Bit        Muxes := 9     
	   2 Input    1 Bit        Muxes := 51    
---------------------------------------------------------------------------------
Finished RTL Component Statistics 
---------------------------------------------------------------------------------
---------------------------------------------------------------------------------
Start Part Resource Summary
---------------------------------------------------------------------------------
Part Resources:
DSPs: 220 (col length:60)
BRAMs: 280 (col length: RAMB18 60 RAMB36 30)
---------------------------------------------------------------------------------
Finished Part Resource Summary
---------------------------------------------------------------------------------
---------------------------------------------------------------------------------
Start Cross Boundary and Area Optimization
---------------------------------------------------------------------------------
WARNING: [Synth 8-7080] Parallel synthesis criteria is not met
INFO: [Synth 8-3936] Found unconnected internal register 'gen_sasd.crossbar_sasd_0/reg_slice_r/m_payload_i_reg' and it is trimmed from '36' to '35' bits. [d:/Programs/Workspace/Xilinx_Prj/PL_CNN/PL_CNN.gen/sources_1/bd/ZYNQ_CORE/ipshared/87d1/hdl/axi_register_slice_v2_1_vl_rfs.v:1731]
---------------------------------------------------------------------------------
Finished Cross Boundary and Area Optimization : Time (s): cpu = 00:00:13 ; elapsed = 00:00:18 . Memory (MB): peak = 3131.836 ; gain = 769.539
---------------------------------------------------------------------------------
---------------------------------------------------------------------------------
Start Applying XDC Timing Constraints
---------------------------------------------------------------------------------
---------------------------------------------------------------------------------
Finished Applying XDC Timing Constraints : Time (s): cpu = 00:00:15 ; elapsed = 00:00:22 . Memory (MB): peak = 3131.836 ; gain = 769.539
---------------------------------------------------------------------------------
---------------------------------------------------------------------------------
Start Timing Optimization
---------------------------------------------------------------------------------
---------------------------------------------------------------------------------
Finished Timing Optimization : Time (s): cpu = 00:00:16 ; elapsed = 00:00:22 . Memory (MB): peak = 3131.836 ; gain = 769.539
---------------------------------------------------------------------------------
---------------------------------------------------------------------------------
Start Technology Mapping
---------------------------------------------------------------------------------
---------------------------------------------------------------------------------
Finished Technology Mapping : Time (s): cpu = 00:00:16 ; elapsed = 00:00:22 . Memory (MB): peak = 3131.836 ; gain = 769.539
---------------------------------------------------------------------------------
---------------------------------------------------------------------------------
Start IO Insertion
---------------------------------------------------------------------------------
---------------------------------------------------------------------------------
Start Flattening Before IO Insertion
---------------------------------------------------------------------------------
---------------------------------------------------------------------------------
Finished Flattening Before IO Insertion
---------------------------------------------------------------------------------
---------------------------------------------------------------------------------
Start Final Netlist Cleanup
---------------------------------------------------------------------------------
---------------------------------------------------------------------------------
Finished Final Netlist Cleanup
---------------------------------------------------------------------------------
---------------------------------------------------------------------------------
Finished IO Insertion : Time (s): cpu = 00:00:18 ; elapsed = 00:00:25 . Memory (MB): peak = 3131.836 ; gain = 769.539
---------------------------------------------------------------------------------
---------------------------------------------------------------------------------
Start Renaming Generated Instances
---------------------------------------------------------------------------------
---------------------------------------------------------------------------------
Finished Renaming Generated Instances : Time (s): cpu = 00:00:18 ; elapsed = 00:00:25 . Memory (MB): peak = 3131.836 ; gain = 769.539
---------------------------------------------------------------------------------
---------------------------------------------------------------------------------
Start Rebuilding User Hierarchy
---------------------------------------------------------------------------------
---------------------------------------------------------------------------------
Finished Rebuilding User Hierarchy : Time (s): cpu = 00:00:18 ; elapsed = 00:00:25 . Memory (MB): peak = 3131.836 ; gain = 769.539
---------------------------------------------------------------------------------
---------------------------------------------------------------------------------
Start Renaming Generated Ports
---------------------------------------------------------------------------------
---------------------------------------------------------------------------------
Finished Renaming Generated Ports : Time (s): cpu = 00:00:18 ; elapsed = 00:00:25 . Memory (MB): peak = 3131.836 ; gain = 769.539
---------------------------------------------------------------------------------
---------------------------------------------------------------------------------
Start Handling Custom Attributes
---------------------------------------------------------------------------------
---------------------------------------------------------------------------------
Finished Handling Custom Attributes : Time (s): cpu = 00:00:18 ; elapsed = 00:00:25 . Memory (MB): peak = 3131.836 ; gain = 769.539
---------------------------------------------------------------------------------
---------------------------------------------------------------------------------
Start Renaming Generated Nets
---------------------------------------------------------------------------------
---------------------------------------------------------------------------------
Finished Renaming Generated Nets : Time (s): cpu = 00:00:18 ; elapsed = 00:00:25 . Memory (MB): peak = 3131.836 ; gain = 769.539
---------------------------------------------------------------------------------
---------------------------------------------------------------------------------
Start Writing Synthesis Report
---------------------------------------------------------------------------------

Report BlackBoxes: 
+-+--------------+----------+
| |BlackBox name |Instances |
+-+--------------+----------+
+-+--------------+----------+

Report Cell Usage: 
+------+-----+------+
|      |Cell |Count |
+------+-----+------+
|1     |LUT1 |     1|
|2     |LUT2 |    16|
|3     |LUT3 |    17|
|4     |LUT4 |    90|
|5     |LUT5 |    44|
|6     |LUT6 |   101|
|7     |FDRE |   179|
|8     |FDSE |     1|
+------+-----+------+
---------------------------------------------------------------------------------
Finished Writing Synthesis Report : Time (s): cpu = 00:00:18 ; elapsed = 00:00:25 . Memory (MB): peak = 3131.836 ; gain = 769.539
---------------------------------------------------------------------------------
Synthesis finished with 0 errors, 0 critical warnings and 120 warnings.
Synthesis Optimization Runtime : Time (s): cpu = 00:00:10 ; elapsed = 00:00:24 . Memory (MB): peak = 3131.836 ; gain = 656.762
Synthesis Optimization Complete : Time (s): cpu = 00:00:18 ; elapsed = 00:00:25 . Memory (MB): peak = 3131.836 ; gain = 769.539
INFO: [Project 1-571] Translating synthesized netlist
Netlist sorting complete. Time (s): cpu = 00:00:00 ; elapsed = 00:00:00.014 . Memory (MB): peak = 3131.836 ; gain = 0.000
INFO: [Project 1-570] Preparing netlist for logic optimization
INFO: [Opt 31-138] Pushed 0 inverter(s) to 0 load pin(s).
Netlist sorting complete. Time (s): cpu = 00:00:00 ; elapsed = 00:00:00.001 . Memory (MB): peak = 3131.836 ; gain = 0.000
INFO: [Project 1-111] Unisim Transformation Summary:
No Unisim elements were transformed.

Synth Design complete | Checksum: a13134cd
INFO: [Common 17-83] Releasing license: Synthesis
60 Infos, 105 Warnings, 0 Critical Warnings and 0 Errors encountered.
synth_design completed successfully
synth_design: Time (s): cpu = 00:00:20 ; elapsed = 00:00:29 . Memory (MB): peak = 3131.836 ; gain = 1176.508
INFO: [Common 17-1381] The checkpoint 'D:/Programs/Workspace/Xilinx_Prj/PL_CNN/PL_CNN.runs/ZYNQ_CORE_xbar_1_synth_1/ZYNQ_CORE_xbar_1.dcp' has been generated.
INFO: [Coretcl 2-1648] Added synthesis output to IP cache for IP ZYNQ_CORE_xbar_1, cache-ID = d70c089e9117c1fe
INFO: [Coretcl 2-1174] Renamed 7 cell refs.
INFO: [Common 17-1381] The checkpoint 'D:/Programs/Workspace/Xilinx_Prj/PL_CNN/PL_CNN.runs/ZYNQ_CORE_xbar_1_synth_1/ZYNQ_CORE_xbar_1.dcp' has been generated.
INFO: [runtcl-4] Executing : report_utilization -file ZYNQ_CORE_xbar_1_utilization_synth.rpt -pb ZYNQ_CORE_xbar_1_utilization_synth.pb
INFO: [Common 17-206] Exiting Vivado at Sun Mar 30 14:21:17 2025...
