
*** Running vivado
    with args -log ZYNQ_CORE_img_buffer_controller_0_0.vds -m64 -product Vivado -mode batch -messageDb vivado.pb -notrace -source ZYNQ_CORE_img_buffer_controller_0_0.tcl



****** Vivado v2023.1 (64-bit)
  **** SW Build 3865809 on Sun May  7 15:05:29 MDT 2023
  **** IP Build 3864474 on Sun May  7 20:36:21 MDT 2023
  **** SharedData Build 3865790 on Sun May 07 13:33:03 MDT 2023
    ** Copyright 1986-2022 Xilinx, Inc. All Rights Reserved.
    ** Copyright 2022-2023 Advanced Micro Devices, Inc. All Rights Reserved.

source ZYNQ_CORE_img_buffer_controller_0_0.tcl -notrace
create_project: Time (s): cpu = 00:00:02 ; elapsed = 00:00:05 . Memory (MB): peak = 1907.676 ; gain = 161.051
INFO: [IP_Flow 19-234] Refreshing IP repositories
INFO: [IP_Flow 19-1700] Loaded user IP repository 'd:/Programs/Workspace/SmartZYNQ_SP2/VDMA_OV5640_HDMI/rgb2dvi'.
INFO: [IP_Flow 19-1700] Loaded user IP repository 'd:/Programs/Workspace/Xilinx_Prj/ZYNQ_CNN/ip_repo/cycle_num_1_0'.
INFO: [IP_Flow 19-1700] Loaded user IP repository 'd:/Programs/Workspace/SmartZYNQ_SP2/VDMA_OV5640_HDMI/ov5640_cap_data'.
INFO: [IP_Flow 19-2313] Loaded Vivado IP repository 'D:/Xilinx/Vivado/2023.1/data/ip'.
INFO: [IP_Flow 19-6924] IPCACHE: Running cache check for IP inst: ZYNQ_CORE_img_buffer_controller_0_0
Command: synth_design -top ZYNQ_CORE_img_buffer_controller_0_0 -part xc7z020clg484-1 -incremental_mode off -mode out_of_context
Starting synth_design
Attempting to get a license for feature 'Synthesis' and/or device 'xc7z020'
INFO: [Common 17-349] Got license for feature 'Synthesis' and/or device 'xc7z020'
INFO: [Device 21-403] Loading part xc7z020clg484-1
INFO: [Synth 8-7079] Multithreading enabled for synth_design using a maximum of 2 processes.
INFO: [Synth 8-7078] Launching helper process for spawning children vivado processes
INFO: [Synth 8-7075] Helper process launched with PID 15136
---------------------------------------------------------------------------------
Starting RTL Elaboration : Time (s): cpu = 00:00:01 ; elapsed = 00:00:03 . Memory (MB): peak = 2761.801 ; gain = 410.078
---------------------------------------------------------------------------------
INFO: [Synth 8-6157] synthesizing module 'ZYNQ_CORE_img_buffer_controller_0_0' [d:/Programs/Workspace/Xilinx_Prj/ZYNQ_CNN/ZYNQ_CNN.gen/sources_1/bd/ZYNQ_CORE/ip/ZYNQ_CORE_img_buffer_controller_0_0/synth/ZYNQ_CORE_img_buffer_controller_0_0.v:53]
INFO: [Synth 8-6157] synthesizing module 'img_buffer_controller' [D:/Programs/Workspace/Xilinx_Prj/ZYNQ_CNN/ZYNQ_CNN.srcs/sources_1/new/img_buffer_controller.v:24]
INFO: [Synth 8-226] default block is never used [D:/Programs/Workspace/Xilinx_Prj/ZYNQ_CNN/ZYNQ_CNN.srcs/sources_1/new/img_buffer_controller.v:85]
INFO: [Synth 8-226] default block is never used [D:/Programs/Workspace/Xilinx_Prj/ZYNQ_CNN/ZYNQ_CNN.srcs/sources_1/new/img_buffer_controller.v:100]
INFO: [Synth 8-226] default block is never used [D:/Programs/Workspace/Xilinx_Prj/ZYNQ_CNN/ZYNQ_CNN.srcs/sources_1/new/img_buffer_controller.v:134]
INFO: [Synth 8-6155] done synthesizing module 'img_buffer_controller' (0#1) [D:/Programs/Workspace/Xilinx_Prj/ZYNQ_CNN/ZYNQ_CNN.srcs/sources_1/new/img_buffer_controller.v:24]
INFO: [Synth 8-6155] done synthesizing module 'ZYNQ_CORE_img_buffer_controller_0_0' (0#1) [d:/Programs/Workspace/Xilinx_Prj/ZYNQ_CNN/ZYNQ_CNN.gen/sources_1/bd/ZYNQ_CORE/ip/ZYNQ_CORE_img_buffer_controller_0_0/synth/ZYNQ_CORE_img_buffer_controller_0_0.v:53]
---------------------------------------------------------------------------------
Finished RTL Elaboration : Time (s): cpu = 00:00:01 ; elapsed = 00:00:04 . Memory (MB): peak = 2857.699 ; gain = 505.977
---------------------------------------------------------------------------------
---------------------------------------------------------------------------------
Start Handling Custom Attributes
---------------------------------------------------------------------------------
---------------------------------------------------------------------------------
Finished Handling Custom Attributes : Time (s): cpu = 00:00:01 ; elapsed = 00:00:04 . Memory (MB): peak = 2875.613 ; gain = 523.891
---------------------------------------------------------------------------------
---------------------------------------------------------------------------------
Finished RTL Optimization Phase 1 : Time (s): cpu = 00:00:01 ; elapsed = 00:00:04 . Memory (MB): peak = 2875.613 ; gain = 523.891
---------------------------------------------------------------------------------
Netlist sorting complete. Time (s): cpu = 00:00:00 ; elapsed = 00:00:00.004 . Memory (MB): peak = 2875.613 ; gain = 0.000
INFO: [Project 1-570] Preparing netlist for logic optimization

Processing XDC Constraints
Initializing timing engine
Completed Processing XDC Constraints

Netlist sorting complete. Time (s): cpu = 00:00:00 ; elapsed = 00:00:00 . Memory (MB): peak = 2982.246 ; gain = 0.000
INFO: [Project 1-111] Unisim Transformation Summary:
No Unisim elements were transformed.

Constraint Validation Runtime : Time (s): cpu = 00:00:00 ; elapsed = 00:00:00.014 . Memory (MB): peak = 2982.266 ; gain = 0.020
INFO: [Designutils 20-5008] Incremental synthesis strategy off
---------------------------------------------------------------------------------
Finished Constraint Validation : Time (s): cpu = 00:00:04 ; elapsed = 00:00:09 . Memory (MB): peak = 2982.266 ; gain = 630.543
---------------------------------------------------------------------------------
---------------------------------------------------------------------------------
Start Loading Part and Timing Information
---------------------------------------------------------------------------------
Loading part: xc7z020clg484-1
---------------------------------------------------------------------------------
Finished Loading Part and Timing Information : Time (s): cpu = 00:00:04 ; elapsed = 00:00:09 . Memory (MB): peak = 2982.266 ; gain = 630.543
---------------------------------------------------------------------------------
---------------------------------------------------------------------------------
Start Applying 'set_property' XDC Constraints
---------------------------------------------------------------------------------
---------------------------------------------------------------------------------
Finished applying 'set_property' XDC Constraints : Time (s): cpu = 00:00:04 ; elapsed = 00:00:09 . Memory (MB): peak = 2982.266 ; gain = 630.543
---------------------------------------------------------------------------------
INFO: [Synth 8-802] inferred FSM for state register 'state_reg' in module 'img_buffer_controller'
---------------------------------------------------------------------------------------------------
                   State |                     New Encoding |                Previous Encoding 
---------------------------------------------------------------------------------------------------
                  S_IDLE |                               00 |                               00
              S_WAIT_BIN |                               01 |                               01
               S_CAPTURE |                               10 |                               10
               S_WAIT_PS |                               11 |                               11
---------------------------------------------------------------------------------------------------
INFO: [Synth 8-3354] encoded FSM with state register 'state_reg' using encoding 'sequential' in module 'img_buffer_controller'
---------------------------------------------------------------------------------
Finished RTL Optimization Phase 2 : Time (s): cpu = 00:00:04 ; elapsed = 00:00:10 . Memory (MB): peak = 2982.266 ; gain = 630.543
---------------------------------------------------------------------------------
---------------------------------------------------------------------------------
Start RTL Component Statistics 
---------------------------------------------------------------------------------
Detailed RTL Component Info : 
+---Adders : 
	   2 Input   32 Bit       Adders := 1     
	   2 Input   30 Bit       Adders := 1     
	   2 Input   16 Bit       Adders := 2     
	   2 Input    2 Bit       Adders := 1     
+---Registers : 
	               32 Bit    Registers := 3     
	               30 Bit    Registers := 1     
	               16 Bit    Registers := 2     
	                2 Bit    Registers := 1     
	                1 Bit    Registers := 1     
+---Muxes : 
	   2 Input   32 Bit        Muxes := 1     
	   4 Input   32 Bit        Muxes := 3     
	   2 Input   30 Bit        Muxes := 1     
	   4 Input   16 Bit        Muxes := 2     
	   2 Input    2 Bit        Muxes := 5     
	   4 Input    2 Bit        Muxes := 2     
	   2 Input    1 Bit        Muxes := 2     
	   4 Input    1 Bit        Muxes := 3     
---------------------------------------------------------------------------------
Finished RTL Component Statistics 
---------------------------------------------------------------------------------
---------------------------------------------------------------------------------
Start Part Resource Summary
---------------------------------------------------------------------------------
Part Resources:
DSPs: 220 (col length:60)
BRAMs: 280 (col length: RAMB18 60 RAMB36 30)
---------------------------------------------------------------------------------
Finished Part Resource Summary
---------------------------------------------------------------------------------
---------------------------------------------------------------------------------
Start Cross Boundary and Area Optimization
---------------------------------------------------------------------------------
WARNING: [Synth 8-7080] Parallel synthesis criteria is not met
CRITICAL WARNING: [Synth 8-6859] multi-driven net on pin Q with 1st driver pin 'inst/ps_data_ready_reg__0/Q' [D:/Programs/Workspace/Xilinx_Prj/ZYNQ_CNN/ZYNQ_CNN.srcs/sources_1/new/img_buffer_controller.v:79]
CRITICAL WARNING: [Synth 8-6859] multi-driven net on pin Q with 2nd driver pin 'GND' [D:/Programs/Workspace/Xilinx_Prj/ZYNQ_CNN/ZYNQ_CNN.srcs/sources_1/new/img_buffer_controller.v:79]
CRITICAL WARNING: [Synth 8-6858] multi-driven net Q is connected to at least one constant driver which has been preserved, other driver is ignored [D:/Programs/Workspace/Xilinx_Prj/ZYNQ_CNN/ZYNQ_CNN.srcs/sources_1/new/img_buffer_controller.v:79]
---------------------------------------------------------------------------------
Finished Cross Boundary and Area Optimization : Time (s): cpu = 00:00:05 ; elapsed = 00:00:11 . Memory (MB): peak = 2982.266 ; gain = 630.543
---------------------------------------------------------------------------------
---------------------------------------------------------------------------------
Start Applying XDC Timing Constraints
---------------------------------------------------------------------------------
---------------------------------------------------------------------------------
Finished Applying XDC Timing Constraints : Time (s): cpu = 00:00:07 ; elapsed = 00:00:15 . Memory (MB): peak = 2982.266 ; gain = 630.543
---------------------------------------------------------------------------------
---------------------------------------------------------------------------------
Start Timing Optimization
---------------------------------------------------------------------------------
---------------------------------------------------------------------------------
Finished Timing Optimization : Time (s): cpu = 00:00:07 ; elapsed = 00:00:15 . Memory (MB): peak = 2982.266 ; gain = 630.543
---------------------------------------------------------------------------------
---------------------------------------------------------------------------------
Start Technology Mapping
---------------------------------------------------------------------------------
---------------------------------------------------------------------------------
Finished Technology Mapping : Time (s): cpu = 00:00:07 ; elapsed = 00:00:15 . Memory (MB): peak = 2982.266 ; gain = 630.543
---------------------------------------------------------------------------------
---------------------------------------------------------------------------------
Start IO Insertion
---------------------------------------------------------------------------------
---------------------------------------------------------------------------------
Start Flattening Before IO Insertion
---------------------------------------------------------------------------------
---------------------------------------------------------------------------------
Finished Flattening Before IO Insertion
---------------------------------------------------------------------------------
---------------------------------------------------------------------------------
Start Final Netlist Cleanup
---------------------------------------------------------------------------------
---------------------------------------------------------------------------------
Finished Final Netlist Cleanup
---------------------------------------------------------------------------------
---------------------------------------------------------------------------------
Finished IO Insertion : Time (s): cpu = 00:00:09 ; elapsed = 00:00:17 . Memory (MB): peak = 2982.266 ; gain = 630.543
---------------------------------------------------------------------------------
---------------------------------------------------------------------------------
Start Renaming Generated Instances
---------------------------------------------------------------------------------
---------------------------------------------------------------------------------
Finished Renaming Generated Instances : Time (s): cpu = 00:00:09 ; elapsed = 00:00:17 . Memory (MB): peak = 2982.266 ; gain = 630.543
---------------------------------------------------------------------------------
---------------------------------------------------------------------------------
Start Rebuilding User Hierarchy
---------------------------------------------------------------------------------
---------------------------------------------------------------------------------
Finished Rebuilding User Hierarchy : Time (s): cpu = 00:00:09 ; elapsed = 00:00:17 . Memory (MB): peak = 2982.266 ; gain = 630.543
---------------------------------------------------------------------------------
---------------------------------------------------------------------------------
Start Renaming Generated Ports
---------------------------------------------------------------------------------
---------------------------------------------------------------------------------
Finished Renaming Generated Ports : Time (s): cpu = 00:00:09 ; elapsed = 00:00:17 . Memory (MB): peak = 2982.266 ; gain = 630.543
---------------------------------------------------------------------------------
---------------------------------------------------------------------------------
Start Handling Custom Attributes
---------------------------------------------------------------------------------
---------------------------------------------------------------------------------
Finished Handling Custom Attributes : Time (s): cpu = 00:00:09 ; elapsed = 00:00:17 . Memory (MB): peak = 2982.266 ; gain = 630.543
---------------------------------------------------------------------------------
---------------------------------------------------------------------------------
Start Renaming Generated Nets
---------------------------------------------------------------------------------
---------------------------------------------------------------------------------
Finished Renaming Generated Nets : Time (s): cpu = 00:00:09 ; elapsed = 00:00:17 . Memory (MB): peak = 2982.266 ; gain = 630.543
---------------------------------------------------------------------------------
---------------------------------------------------------------------------------
Start Writing Synthesis Report
---------------------------------------------------------------------------------

Report BlackBoxes: 
+-+--------------+----------+
| |BlackBox name |Instances |
+-+--------------+----------+
+-+--------------+----------+

Report Cell Usage: 
+------+-------+------+
|      |Cell   |Count |
+------+-------+------+
|1     |CARRY4 |    27|
|2     |LUT1   |    31|
|3     |LUT2   |    39|
|4     |LUT3   |    33|
|5     |LUT4   |     2|
|6     |LUT5   |     5|
|7     |LUT6   |    12|
|8     |MUXF7  |     1|
|9     |FDCE   |   135|
+------+-------+------+
---------------------------------------------------------------------------------
Finished Writing Synthesis Report : Time (s): cpu = 00:00:09 ; elapsed = 00:00:17 . Memory (MB): peak = 2982.266 ; gain = 630.543
---------------------------------------------------------------------------------
Synthesis finished with 0 errors, 3 critical warnings and 1 warnings.
Synthesis Optimization Runtime : Time (s): cpu = 00:00:07 ; elapsed = 00:00:16 . Memory (MB): peak = 2982.266 ; gain = 523.891
Synthesis Optimization Complete : Time (s): cpu = 00:00:09 ; elapsed = 00:00:18 . Memory (MB): peak = 2982.266 ; gain = 630.543
INFO: [Project 1-571] Translating synthesized netlist
Netlist sorting complete. Time (s): cpu = 00:00:00 ; elapsed = 00:00:00.002 . Memory (MB): peak = 2982.266 ; gain = 0.000
INFO: [Netlist 29-17] Analyzing 28 Unisim elements for replacement
INFO: [Netlist 29-28] Unisim Transformation completed in 0 CPU seconds
INFO: [Project 1-570] Preparing netlist for logic optimization
INFO: [Opt 31-138] Pushed 0 inverter(s) to 0 load pin(s).
Netlist sorting complete. Time (s): cpu = 00:00:00 ; elapsed = 00:00:00 . Memory (MB): peak = 2982.266 ; gain = 0.000
INFO: [Project 1-111] Unisim Transformation Summary:
No Unisim elements were transformed.

Synth Design complete | Checksum: 94bc37f2
INFO: [Common 17-83] Releasing license: Synthesis
30 Infos, 1 Warnings, 3 Critical Warnings and 0 Errors encountered.
synth_design completed successfully
synth_design: Time (s): cpu = 00:00:10 ; elapsed = 00:00:21 . Memory (MB): peak = 2982.266 ; gain = 1035.781
INFO: [Common 17-1381] The checkpoint 'D:/Programs/Workspace/Xilinx_Prj/ZYNQ_CNN/ZYNQ_CNN.runs/ZYNQ_CORE_img_buffer_controller_0_0_synth_1/ZYNQ_CORE_img_buffer_controller_0_0.dcp' has been generated.
INFO: [runtcl-6] Synthesis results are not added to the cache due to CRITICAL_WARNING
INFO: [Common 17-1381] The checkpoint 'D:/Programs/Workspace/Xilinx_Prj/ZYNQ_CNN/ZYNQ_CNN.runs/ZYNQ_CORE_img_buffer_controller_0_0_synth_1/ZYNQ_CORE_img_buffer_controller_0_0.dcp' has been generated.
INFO: [runtcl-4] Executing : report_utilization -file ZYNQ_CORE_img_buffer_controller_0_0_utilization_synth.rpt -pb ZYNQ_CORE_img_buffer_controller_0_0_utilization_synth.pb
INFO: [Common 17-206] Exiting Vivado at Sat Mar 15 20:49:01 2025...
